Command line:
   t_mul_isim_beh.exe
     -simmode  gui
     -simrunnum  0
     -socket  58093

Mon Jul 04 18:53:41 2022


 Elaboration Time: 0.03125 sec

 Current Memory Usage: 5145.13 Meg

 Total Signals          : 31
 Total Nets             : 52
 Total Signal Drivers   : 10
 Total Blocks           : 9
 Total Primitive Blocks : 7
 Total Processes        : 5
 Total Traceable Variables  : 16
 Total Scalar Nets and Variables : 554
Total Line Count : 38
In process RS_q.vhd:42 
 

 Total Simulation Time: 0.046875 sec

 Current Memory Usage: 4673.27 Meg

Mon Jul 04 19:01:13 2022

