Release 14.1 Map P.15xf (nt64)
Xilinx Mapping Report File for Design 'processor'

Design Information
------------------
Command Line   : map -intstyle ise -p xc7a100t-csg324-3 -w -logic_opt off -ol
high -t 1 -xt 0 -register_duplication off -r 4 -mt off -ir off -pr off -lc off
-power off -o processor_map.ncd processor.ngd processor.pcf 
Target Device  : xc7a100t
Target Package : csg324
Target Speed   : -3
Mapper Version : artix7 -- $Revision: 1.55 $
Mapped Date    : Sun Oct 30 14:43:52 2022

Design Summary
--------------
Number of errors   :   1
Number of warnings :   0

Section 1 - Errors
------------------
ERROR:Security:9c - No 'ISE' nor 'WebPack' feature version 2012.04 was available
for part 'xc7a100t'.
ERROR:Map:258 - A problem was encountered attempting to get the license for this
   architecture. 

Section 2 - Warnings
--------------------

Section 3 - Informational
-------------------------
INFO:Security:54 - 'xc7a100t' is a WebPack part.
INFO:Security:61 - The XILINXD_LICENSE_FILE environment variable is not set.
INFO:Security:63 - The LM_LICENSE_FILE environment variable is not set.
INFO:Security:68 - For more information or for assistance in obtaining 
INFO:Security:68a - user is HP, on host LAPTOP-8L9226N5.
