Command line:
   t_xor_isim_beh.exe
     -simmode  gui
     -simrunnum  0
     -socket  51289

Fri Jul 01 15:02:37 2022


 Elaboration Time: 0.046875 sec

 Current Memory Usage: 5145.51 Meg

 Total Signals          : 6
 Total Nets             : 12
 Total Signal Drivers   : 3
 Total Blocks           : 3
 Total Primitive Blocks : 2
 Total Processes        : 2
 Total Traceable Variables  : 8
 Total Scalar Nets and Variables : 372
Total Line Count : 5

** Failure:ok
User(VHDL) Code Called Simulation Stop
In process t_xor.vhd:stim_proc 
 


 Total Simulation Time: 0.046875 sec

 Current Memory Usage: 5145.51 Meg

Fri Jul 01 15:02:55 2022

