Running: J:\xilinx_ise\14.1\ISE_DS\ISE\bin\nt64\unwrapped\fuse.exe -intstyle ise -incremental -lib secureip -o D:/vhdl_github_2/vhdl_github_2/Mult_Direct/Test_MULT_isim_beh.exe -prj D:/vhdl_github_2/vhdl_github_2/Mult_Direct/Test_MULT_beh.prj work.Test_MULT 
ISim P.15xf (signature 0xc3576ebc)
Number of CPUs detected in this system: 8
Turning on mult-threading, number of parallel sub-compilation jobs: 16 
Determining compilation order of HDL files
Parsing VHDL file "D:/vhdl_github_2/vhdl_github_2/Mult_Direct/MUlT.vhd" into library work
Parsing VHDL file "D:/vhdl_github_2/vhdl_github_2/Mult_Direct/Test_MULT.vhd" into library work
Starting static elaboration
Completed static elaboration
Compiling package standard
Compiling package std_logic_1164
Compiling package numeric_std
Compiling package std_logic_arith
Compiling package std_logic_unsigned
Compiling architecture behavioral of entity MUlT [mult_default]
Compiling architecture behavior of entity test_mult
Time Resolution for simulation is 1ps.
Waiting for 1 sub-compilation(s) to finish...
Compiled 8 VHDL Units
Built simulation executable D:/vhdl_github_2/vhdl_github_2/Mult_Direct/Test_MULT_isim_beh.exe
Fuse Memory Usage: 36940 KB
Fuse CPU Usage: 405 ms
